2020-10-21 17:24:37,306 - 
2020-10-21 17:24:37,306 - Entering OpenData utility
2020-10-21 17:24:37,307 - Leaving OpenData utility incomplete with errors
2020-10-21 17:26:14,417 - 
2020-10-21 17:26:14,418 - Entering OpenData utility
2020-10-21 17:26:14,418 - Leaving OpenData utility incomplete with errors
2020-10-21 17:27:05,822 - 
2020-10-21 17:27:05,822 - Entering OpenData utility
2020-10-21 17:27:05,831 - Wendi Zhang records <111> were read from </Users/WendiZhang/Desktop/frelabpy/data/wendizhang_extraction_input.csv>
2020-10-21 17:27:05,847 - Leaving OpenData utility incomplete with errors
2020-10-21 17:28:26,270 - 
2020-10-21 17:28:26,272 - Entering OpenData utility
2020-10-21 17:28:26,278 - Wendi Zhang records <111> were read from </Users/WendiZhang/Desktop/frelabpy/data/wendizhang_extraction_input.csv>
2020-10-21 17:28:26,287 - Wendi Zhang records <6> were read from </Users/WendiZhang/Desktop/frelabpy/data/wendizhang_extraction_mapping.csv>
2020-10-21 17:28:26,290 - Leaving OpenData utility incomplete with errors
2020-10-21 17:30:20,627 - 
2020-10-21 17:30:20,628 - Entering OpenData utility
2020-10-21 17:30:20,634 - Wendi Zhang records <111> were read from </Users/WendiZhang/Desktop/frelabpy/data/wendizhang_extraction_input.csv>
2020-10-21 17:30:20,642 - Wendi Zhang records <6> were read from </Users/WendiZhang/Desktop/frelabpy/data/wendizhang_extraction_mapping.csv>
2020-10-21 17:30:20,644 - Leaving OpenData utility incomplete with errors
2020-10-21 17:33:52,845 - 
2020-10-21 17:33:52,845 - Entering OpenData utility
2020-10-21 17:33:52,848 - Wendi Zhang records <111> were read from </Users/WendiZhang/Desktop/frelabpy/data/wendizhang_extraction_input.csv>
2020-10-21 17:33:52,855 - Wendi Zhang records <6> were read from </Users/WendiZhang/Desktop/frelabpy/data/wendizhang_extraction_mapping.csv>
2020-10-21 17:33:52,857 - Leaving OpenData utility incomplete with errors
2020-10-21 17:43:46,610 - 
2020-10-21 17:43:46,610 - Entering OpenData utility
2020-10-21 17:43:46,613 - Wendi Zhang records <111> were read from </Users/WendiZhang/Desktop/frelabpy/data/wendizhang_extraction_input.csv>
2020-10-21 17:43:46,620 - Wendi Zhang records <6> were read from </Users/WendiZhang/Desktop/frelabpy/data/wendizhang_extraction_mapping.csv>
2020-10-21 17:43:46,628 - Leaving OpenData utility incomplete with errors
2020-10-21 17:44:46,860 - 
2020-10-21 17:44:46,860 - Entering OpenData utility
2020-10-21 17:44:46,863 - Wendi Zhang records <111> were read from </Users/WendiZhang/Desktop/frelabpy/data/wendizhang_extraction_input.csv>
2020-10-21 17:44:46,869 - Wendi Zhang records <6> were read from </Users/WendiZhang/Desktop/frelabpy/data/wendizhang_extraction_mapping.csv>
2020-10-21 17:44:46,872 - Leaving OpenData utility incomplete with errors
2020-10-21 17:50:21,836 - 
2020-10-21 17:50:21,836 - Entering OpenData utility
2020-10-21 17:50:21,839 - Wendi Zhang records <111> were read from </Users/WendiZhang/Desktop/frelabpy/data/wendizhang_extraction_input.csv>
2020-10-21 17:50:21,847 - Wendi Zhang records <6> were read from </Users/WendiZhang/Desktop/frelabpy/data/wendizhang_extraction_mapping.csv>
2020-10-21 17:50:21,850 - Leaving OpenData utility incomplete with errors
2020-10-21 17:52:37,653 - 
2020-10-21 17:52:37,653 - Entering OpenData utility
2020-10-21 17:52:37,656 - Wendi Zhang records <111> were read from </Users/WendiZhang/Desktop/frelabpy/data/wendizhang_extraction_input.csv>
2020-10-21 17:52:37,662 - Wendi Zhang records <6> were read from </Users/WendiZhang/Desktop/frelabpy/data/wendizhang_extraction_mapping.csv>
2020-10-21 17:52:37,665 - Leaving OpenData utility incomplete with errors
2020-10-21 17:58:05,520 - 
2020-10-21 17:58:05,521 - Entering OpenData utility
2020-10-21 17:58:05,524 - Wendi Zhang records <111> were read from </Users/WendiZhang/Desktop/frelabpy/data/wendizhang_extraction_input.csv>
2020-10-21 17:58:05,530 - Wendi Zhang records <6> were read from </Users/WendiZhang/Desktop/frelabpy/data/wendizhang_extraction_mapping.csv>
2020-10-21 17:58:05,533 - Leaving OpenData utility incomplete with errors
2020-10-21 17:58:36,035 - 
2020-10-21 17:58:36,036 - Entering OpenData utility
2020-10-21 17:58:36,041 - Wendi Zhang records <111> were read from </Users/WendiZhang/Desktop/frelabpy/data/wendizhang_extraction_input.csv>
2020-10-21 17:58:36,049 - Wendi Zhang records <6> were read from </Users/WendiZhang/Desktop/frelabpy/data/wendizhang_extraction_mapping.csv>
2020-10-21 17:58:36,053 - Leaving OpenData utility incomplete with errors
2020-10-21 18:02:15,016 - 
2020-10-21 18:02:15,016 - Entering OpenData utility
2020-10-21 18:02:15,019 - Wendi Zhang records <111> were read from </Users/WendiZhang/Desktop/frelabpy/data/wendizhang_extraction_input.csv>
2020-10-21 18:02:15,025 - Wendi Zhang records <6> were read from </Users/WendiZhang/Desktop/frelabpy/data/wendizhang_extraction_mapping.csv>
2020-10-21 18:02:15,029 - Leaving OpenData utility incomplete with errors
2020-10-21 18:04:14,407 - 
2020-10-21 18:04:14,408 - Entering OpenData utility
2020-10-21 18:04:14,413 - Wendi Zhang records <111> were read from </Users/WendiZhang/Desktop/frelabpy/data/wendizhang_extraction_input.csv>
2020-10-21 18:04:14,428 - Wendi Zhang records <6> were read from </Users/WendiZhang/Desktop/frelabpy/data/wendizhang_extraction_mapping.csv>
2020-10-21 18:04:14,440 - Leaving OpenData utility incomplete with errors
2020-10-21 18:07:31,473 - 
2020-10-21 18:07:31,474 - Entering OpenData utility
2020-10-21 18:07:31,477 - Wendi Zhang records <111> were read from </Users/WendiZhang/Desktop/frelabpy/data/wendizhang_extraction_input.csv>
2020-10-21 18:07:31,483 - Wendi Zhang records <6> were read from </Users/WendiZhang/Desktop/frelabpy/data/wendizhang_extraction_mapping.csv>
2020-10-21 18:07:31,491 - Leaving OpenData utility incomplete with errors
2020-10-21 18:09:25,267 - 
2020-10-21 18:09:25,267 - Entering OpenData utility
2020-10-21 18:09:25,271 - Wendi Zhang records <111> were read from </Users/WendiZhang/Desktop/frelabpy/data/wendizhang_extraction_input.csv>
2020-10-21 18:09:25,278 - Wendi Zhang records <6> were read from </Users/WendiZhang/Desktop/frelabpy/data/wendizhang_extraction_mapping.csv>
2020-10-21 18:09:25,286 - Leaving OpenData utility incomplete with errors
2020-10-21 18:10:35,693 - 
2020-10-21 18:10:35,693 - Entering OpenData utility
2020-10-21 18:10:35,696 - Wendi Zhang records <111> were read from </Users/WendiZhang/Desktop/frelabpy/data/wendizhang_extraction_input.csv>
2020-10-21 18:10:35,702 - Wendi Zhang records <6> were read from </Users/WendiZhang/Desktop/frelabpy/data/wendizhang_extraction_mapping.csv>
2020-10-21 18:10:35,712 - Provided file path is invalid: </Users/WendiZhang/Desktop/frelabpy/data/wendizhang_extraction_output_1.csv>
2020-10-21 18:10:35,712 - Leaving OpenData utility incomplete with errors
2020-10-21 18:12:03,473 - 
2020-10-21 18:12:03,473 - Entering OpenData utility
2020-10-21 18:12:03,476 - Wendi Zhang records <111> were read from </Users/WendiZhang/Desktop/frelabpy/data/wendizhang_extraction_input.csv>
2020-10-21 18:12:03,482 - Wendi Zhang records <6> were read from </Users/WendiZhang/Desktop/frelabpy/data/wendizhang_extraction_mapping.csv>
2020-10-21 18:12:03,490 - Provided file path is invalid: </Users/WendiZhang/Desktop/frelabpy/data/wendizhang_extraction_output_1.csv>
2020-10-21 18:12:03,490 - Leaving OpenData utility incomplete with errors
2020-10-21 18:12:40,539 - 
2020-10-21 18:12:40,540 - Entering OpenData utility
2020-10-21 18:12:40,543 - Wendi Zhang records <111> were read from </Users/WendiZhang/Desktop/frelabpy/data/wendizhang_extraction_input.csv>
2020-10-21 18:12:40,549 - Wendi Zhang records <6> were read from </Users/WendiZhang/Desktop/frelabpy/data/wendizhang_extraction_mapping.csv>
2020-10-21 18:12:40,557 - Provided file path is invalid: </Users/WendiZhang/Desktop/frelabpy/data/wendizhang_extraction_output.csv>
2020-10-21 18:12:40,557 - Leaving OpenData utility incomplete with errors
2020-10-21 18:12:48,272 - 
2020-10-21 18:12:48,272 - Entering OpenData utility
2020-10-21 18:12:48,275 - Wendi Zhang records <111> were read from </Users/WendiZhang/Desktop/frelabpy/data/wendizhang_extraction_input.csv>
2020-10-21 18:12:48,281 - Wendi Zhang records <6> were read from </Users/WendiZhang/Desktop/frelabpy/data/wendizhang_extraction_mapping.csv>
2020-10-21 18:12:48,289 - Provided file path is invalid: </Users/WendiZhang/Desktop/frelabpy/data/wendizhang_extraction_output_1.csv>
2020-10-21 18:12:48,290 - Leaving OpenData utility incomplete with errors
2020-10-21 18:14:09,772 - 
2020-10-21 18:14:09,773 - Entering OpenData utility
2020-10-21 18:14:09,776 - Wendi Zhang records <111> were read from </Users/WendiZhang/Desktop/frelabpy/data/wendizhang_extraction_input.csv>
2020-10-21 18:14:09,782 - Wendi Zhang records <6> were read from </Users/WendiZhang/Desktop/frelabpy/data/wendizhang_extraction_mapping.csv>
2020-10-21 18:14:09,790 - Provided file path is invalid: </Users/WendiZhang/Desktop/frelabpy/data/wendizhang_extraction_output_1.csv>
2020-10-21 18:14:09,790 - Leaving OpenData utility incomplete with errors
2020-10-21 18:14:24,246 - 
2020-10-21 18:14:24,246 - Entering OpenData utility
2020-10-21 18:14:24,249 - Wendi Zhang records <111> were read from </Users/WendiZhang/Desktop/frelabpy/data/wendizhang_extraction_input.csv>
2020-10-21 18:14:24,258 - Wendi Zhang records <6> were read from </Users/WendiZhang/Desktop/frelabpy/data/wendizhang_extraction_mapping.csv>
2020-10-21 18:14:24,267 - Provided file path is invalid: </Users/WendiZhang/Desktop/frelabpy/data/wendizhang_extraction_output_1.csv>
2020-10-21 18:14:24,267 - Leaving OpenData utility incomplete with errors
2020-10-21 18:45:10,723 - 
2020-10-21 18:45:10,725 - Entering OpenData utility
2020-10-21 18:45:10,732 - Wendi Zhang records <111> were read from </Users/WendiZhang/Desktop/frelabpy/data/wendizhang_extraction_input.csv>
2020-10-21 18:45:10,750 - Wendi Zhang records <6> were read from </Users/WendiZhang/Desktop/frelabpy/data/wendizhang_extraction_mapping.csv>
2020-10-21 18:45:10,762 - Provided file path is invalid: </Users/WendiZhang/Desktop/frelabpy/data/wendizhang_extraction_output_1.csv>
2020-10-21 18:45:10,762 - Leaving OpenData utility incomplete with errors
2020-10-21 18:47:48,809 - 
2020-10-21 18:47:48,810 - Entering OpenData utility
2020-10-21 18:47:48,816 - Wendi Zhang records <111> were read from </Users/WendiZhang/Desktop/frelabpy/data/wendizhang_extraction_input.csv>
2020-10-21 18:47:48,826 - Wendi Zhang records <6> were read from </Users/WendiZhang/Desktop/frelabpy/data/wendizhang_extraction_mapping.csv>
2020-10-21 18:47:48,836 - Provided file path is invalid: </Users/WendiZhang/Desktop/frelabpy/data/wendizhang_extraction_output_1.csv>
2020-10-21 18:47:48,836 - Leaving OpenData utility incomplete with errors
2020-10-21 18:50:53,022 - 
2020-10-21 18:50:53,022 - Entering OpenData utility
2020-10-21 18:50:53,027 - Wendi Zhang records <111> were read from </Users/WendiZhang/Desktop/frelabpy/data/wendizhang_extraction_input.csv>
2020-10-21 18:50:53,038 - Wendi Zhang records <6> were read from </Users/WendiZhang/Desktop/frelabpy/data/wendizhang_extraction_mapping.csv>
2020-10-21 18:50:53,045 - Leaving OpenData utility incomplete with errors
2020-10-21 19:32:02,153 - 
2020-10-21 19:32:02,157 - Entering OpenData utility
2020-10-21 19:32:02,165 - Wendi Zhang records <111> were read from </Users/WendiZhang/Desktop/frelabpy/data/wendizhang_extraction_input.csv>
2020-10-21 19:32:02,173 - Wendi Zhang records <6> were read from </Users/WendiZhang/Desktop/frelabpy/data/wendizhang_extraction_mapping.csv>
2020-10-21 19:32:02,177 - Leaving OpenData utility incomplete with errors
2020-10-21 19:33:40,280 - 
2020-10-21 19:33:40,281 - Entering OpenData utility
2020-10-21 19:33:40,287 - Wendi Zhang records <111> were read from </Users/WendiZhang/Desktop/frelabpy/data/wendizhang_extraction_input.csv>
2020-10-21 19:33:40,296 - Wendi Zhang records <6> were read from </Users/WendiZhang/Desktop/frelabpy/data/wendizhang_extraction_mapping.csv>
2020-10-21 19:33:40,299 - Leaving OpenData utility incomplete with errors
2020-10-21 19:39:30,198 - 
2020-10-21 19:39:30,200 - Entering OpenData utility
2020-10-21 19:39:30,205 - Wendi Zhang records <111> were read from </Users/WendiZhang/Desktop/frelabpy/data/wendizhang_extraction_input.csv>
2020-10-21 19:39:30,218 - Wendi Zhang records <6> were read from </Users/WendiZhang/Desktop/frelabpy/data/wendizhang_extraction_mapping.csv>
2020-10-21 19:39:30,246 - New csv file generated from DataFrame, description: Wendi Zhang.
2020-10-21 19:39:30,246 - Leaving OpenData utility
2020-10-21 19:40:24,675 - 
2020-10-21 19:40:24,676 - Entering OpenData utility
2020-10-21 19:40:24,682 - Wendi Zhang records <111> were read from </Users/WendiZhang/Desktop/frelabpy/data/wendizhang_extraction_input.csv>
2020-10-21 19:40:24,695 - Wendi Zhang records <6> were read from </Users/WendiZhang/Desktop/frelabpy/data/wendizhang_extraction_mapping.csv>
2020-10-21 19:40:24,711 - New csv file generated from DataFrame, description: Wendi Zhang.
2020-10-21 19:40:24,711 - Leaving OpenData utility
2020-10-21 19:41:07,281 - 
2020-10-21 19:41:07,282 - Entering OpenData utility
2020-10-21 19:41:07,288 - Wendi Zhang records <111> were read from </Users/WendiZhang/Desktop/frelabpy/data/wendizhang_extraction_input.csv>
2020-10-21 19:41:07,300 - Wendi Zhang records <6> were read from </Users/WendiZhang/Desktop/frelabpy/data/wendizhang_extraction_mapping.csv>
2020-10-21 19:41:07,320 - New csv file generated from DataFrame, description: Wendi Zhang.
2020-10-21 19:41:07,320 - Leaving OpenData utility
2020-10-22 09:49:41,372 - 
2020-10-22 09:49:41,373 - Entering OpenData utility
2020-10-22 09:49:41,379 - Wendi Zhang records <111> were read from </Users/WendiZhang/Desktop/frelabpy/data/wendizhang_extraction_input.csv>
2020-10-22 09:49:41,388 - Wendi Zhang records <6> were read from </Users/WendiZhang/Desktop/frelabpy/data/wendizhang_extraction_mapping.csv>
2020-10-22 09:49:41,401 - Provided file path is invalid: </Users/WendiZhang/Desktop/frelabpy/data/wendizhang_extraction_output.csv>
2020-10-22 09:49:41,401 - Leaving OpenData utility incomplete with errors
2020-10-22 09:51:11,603 - 
2020-10-22 09:51:11,603 - Entering OpenData utility
2020-10-22 09:51:11,607 - Wendi Zhang records <111> were read from </Users/WendiZhang/Desktop/frelabpy/data/wendizhang_extraction_input.csv>
2020-10-22 09:51:11,616 - Wendi Zhang records <6> were read from </Users/WendiZhang/Desktop/frelabpy/data/wendizhang_extraction_mapping.csv>
2020-10-22 09:51:11,628 - Provided file path is invalid: </Users/WendiZhang/Desktop/frelabpy/data/wendizhang_extraction_output.csv>
2020-10-22 09:51:11,631 - New csv file generated from DataFrame, description: Wendi Zhang.
2020-10-22 09:51:11,631 - Leaving OpenData utility
2020-10-22 09:52:28,428 - 
2020-10-22 09:52:28,429 - Entering OpenData utility
2020-10-22 09:52:28,435 - Wendi Zhang records <111> were read from </Users/WendiZhang/Desktop/frelabpy/data/wendizhang_extraction_input.csv>
2020-10-22 09:52:28,447 - Wendi Zhang records <6> were read from </Users/WendiZhang/Desktop/frelabpy/data/wendizhang_extraction_mapping.csv>
2020-10-22 09:52:28,463 - Provided file path is invalid: </Users/WendiZhang/Desktop/frelabpy/data/wendizhang_extraction_output.csv>
2020-10-22 09:52:28,468 - New csv file generated from DataFrame, description: Wendi Zhang.
2020-10-22 09:52:28,468 - Leaving OpenData utility
2020-10-22 09:53:12,847 - 
2020-10-22 09:53:12,847 - Entering OpenData utility
2020-10-22 09:53:12,853 - Wendi Zhang records <111> were read from </Users/WendiZhang/Desktop/frelabpy/data/wendizhang_extraction_input.csv>
2020-10-22 09:53:12,863 - Wendi Zhang records <6> were read from </Users/WendiZhang/Desktop/frelabpy/data/wendizhang_extraction_mapping.csv>
2020-10-22 09:53:12,875 - Provided file path is invalid: </Users/WendiZhang/Desktop/frelabpy/data/wendizhang_extraction_output.csv>
2020-10-22 09:53:12,875 - Leaving OpenData utility incomplete with errors
2020-10-22 09:55:36,370 - 
2020-10-22 09:55:36,370 - Entering OpenData utility
2020-10-22 09:55:36,373 - Wendi Zhang records <111> were read from </Users/WendiZhang/Desktop/frelabpy/data/wendizhang_extraction_input.csv>
2020-10-22 09:55:36,382 - Wendi Zhang records <6> were read from </Users/WendiZhang/Desktop/frelabpy/data/wendizhang_extraction_mapping.csv>
2020-10-22 09:55:36,395 - Provided file path is invalid: </Users/WendiZhang/Desktop/frelabpy/data/wendizhang_extraction_output.csv>
2020-10-22 09:55:36,395 - Leaving OpenData utility incomplete with errors
2020-10-22 09:58:39,126 - 
2020-10-22 09:58:39,126 - Entering OpenData utility
2020-10-22 09:58:39,129 - Wendi Zhang records <111> were read from </Users/WendiZhang/Desktop/frelabpy/data/wendizhang_extraction_input.csv>
2020-10-22 09:58:39,138 - Wendi Zhang records <6> were read from </Users/WendiZhang/Desktop/frelabpy/data/wendizhang_extraction_mapping.csv>
2020-10-22 09:58:39,150 - Provided file path is invalid: </Users/WendiZhang/Desktop/frelabpy/data/wendizhang_extraction_output.csv>
2020-10-22 09:58:39,151 - Leaving OpenData utility incomplete with errors
2020-10-22 10:13:38,248 - 
2020-10-22 10:13:38,249 - Entering OpenData utility
2020-10-22 10:13:38,255 - Wendi Zhang records <111> were read from </Users/WendiZhang/Desktop/frelabpy/data/wendizhang_extraction_input.csv>
2020-10-22 10:13:38,265 - Wendi Zhang records <6> were read from </Users/WendiZhang/Desktop/frelabpy/data/wendizhang_extraction_mapping.csv>
2020-10-22 10:13:38,275 - Leaving OpenData utility incomplete with errors
2020-10-22 10:15:40,803 - 
2020-10-22 10:15:40,804 - Entering OpenData utility
2020-10-22 10:15:40,810 - Wendi Zhang records <111> were read from </Users/WendiZhang/Desktop/frelabpy/data/wendizhang_extraction_input.csv>
2020-10-22 10:15:40,817 - Wendi Zhang records <6> were read from </Users/WendiZhang/Desktop/frelabpy/data/wendizhang_extraction_mapping.csv>
2020-10-22 10:15:40,829 - Provided directory path is invalid: </Users/WendiZhang/Desktop/frelabpy/data/wendizhang_extraction_output.csv>
2020-10-22 10:15:40,829 - Leaving OpenData utility incomplete with errors
2020-10-22 10:17:36,414 - 
2020-10-22 10:17:36,414 - Entering OpenData utility
2020-10-22 10:17:36,417 - Wendi Zhang records <111> were read from </Users/WendiZhang/Desktop/frelabpy/data/wendizhang_extraction_input.csv>
2020-10-22 10:17:36,425 - Wendi Zhang records <6> were read from </Users/WendiZhang/Desktop/frelabpy/data/wendizhang_extraction_mapping.csv>
2020-10-22 10:17:36,437 - Provided file path is invalid: </Users/WendiZhang/Desktop/frelabpy/data/wendizhang_extraction_output.csv>
2020-10-22 10:17:36,443 - New csv file generated from DataFrame by creating a new path, description: Wendi Zhang.
2020-10-22 10:17:36,443 - Leaving OpenData utility
2020-10-22 10:18:21,414 - 
2020-10-22 10:18:21,415 - Entering OpenData utility
2020-10-22 10:18:21,419 - Wendi Zhang records <111> were read from </Users/WendiZhang/Desktop/frelabpy/data/wendizhang_extraction_input.csv>
2020-10-22 10:18:21,429 - Wendi Zhang records <6> were read from </Users/WendiZhang/Desktop/frelabpy/data/wendizhang_extraction_mapping.csv>
2020-10-22 10:18:21,441 - Provided file path is invalid: </Users/WendiZhang/Desktop/frelabpy/data/wendizhang_extraction_output.csv>
2020-10-22 10:18:21,441 - Leaving OpenData utility incomplete with errors
2020-10-22 10:20:18,847 - 
2020-10-22 10:20:18,847 - Entering OpenData utility
2020-10-22 10:20:18,851 - Wendi Zhang records <111> were read from </Users/WendiZhang/Desktop/frelabpy/data/wendizhang_extraction_input.csv>
2020-10-22 10:20:18,859 - Wendi Zhang records <6> were read from </Users/WendiZhang/Desktop/frelabpy/data/wendizhang_extraction_mapping.csv>
2020-10-22 10:20:18,870 - Provided file path is invalid: </Users/WendiZhang/Desktop/frelabpy/data/wendizhang_extraction_output.csv>
2020-10-22 10:20:18,874 - New csv file generated from DataFrame by creating a new path, description: Wendi Zhang.
2020-10-22 10:20:18,874 - Leaving OpenData utility
2020-10-22 10:26:09,824 - 
2020-10-22 10:26:09,824 - Entering OpenData utility
2020-10-22 10:26:09,827 - Wendi Zhang records <111> were read from </Users/WendiZhang/Desktop/frelabpy/data/wendizhang_extraction_input.csv>
2020-10-22 10:26:09,835 - Wendi Zhang records <6> were read from </Users/WendiZhang/Desktop/frelabpy/data/wendizhang_extraction_mapping.csv>
2020-10-22 10:26:09,846 - Provided file path is invalid: </Users/WendiZhang/Desktop/frelabpy/data/wendizhang_extraction_output.csv>
2020-10-22 10:26:09,849 - New csv file generated from DataFrame by creating a new path, description: Wendi Zhang.
2020-10-22 10:26:09,849 - Leaving OpenData utility
2020-10-22 10:29:10,078 - 
2020-10-22 10:29:10,079 - Entering OpenData utility
2020-10-22 10:29:10,082 - Wendi Zhang records <111> were read from </Users/WendiZhang/Desktop/frelabpy/data/wendizhang_extraction_input.csv>
2020-10-22 10:29:10,093 - Wendi Zhang records <6> were read from </Users/WendiZhang/Desktop/frelabpy/data/wendizhang_extraction_mapping.csv>
2020-10-22 10:29:10,110 - Provided file path is invalid: </Users/WendiZhang/Desktop/frelabpy/data/wendizhang_extraction_output.csv>
2020-10-22 10:29:10,113 - New csv file generated from DataFrame by creating a new path, description: Wendi Zhang.
2020-10-22 10:29:10,114 - Leaving OpenData utility
2020-10-22 10:37:01,090 - 
2020-10-22 10:37:01,090 - Entering OpenData utility
2020-10-22 10:37:01,094 - Wendi Zhang records <111> were read from </Users/WendiZhang/Desktop/frelabpy/data/wendizhang_extraction_input.csv>
2020-10-22 10:37:01,102 - Wendi Zhang records <6> were read from </Users/WendiZhang/Desktop/frelabpy/data/wendizhang_extraction_mapping.csv>
2020-10-22 10:37:01,116 - New csv file generated from DataFrame by creating a new path, description: Wendi Zhang.
2020-10-22 10:37:01,116 - Leaving OpenData utility
2020-10-22 10:37:12,029 - 
2020-10-22 10:37:12,029 - Entering OpenData utility
2020-10-22 10:37:12,034 - Wendi Zhang records <111> were read from </Users/WendiZhang/Desktop/frelabpy/data/wendizhang_extraction_input.csv>
2020-10-22 10:37:12,043 - Wendi Zhang records <6> were read from </Users/WendiZhang/Desktop/frelabpy/data/wendizhang_extraction_mapping.csv>
2020-10-22 10:37:12,056 - Provided file path is invalid: </Users/WendiZhang/Desktop/frelabpy/data/wendizhang_extraction_output.csv>
2020-10-22 10:37:12,059 - New csv file generated from DataFrame by creating a new path, description: Wendi Zhang.
2020-10-22 10:37:12,059 - Leaving OpenData utility
2020-10-22 10:43:33,644 - 
2020-10-22 10:43:33,644 - Entering OpenData utility
2020-10-22 10:43:33,651 - Wendi Zhang records <111> were read from </Users/WendiZhang/Desktop/frelabpy/data/wendizhang_extraction_input.csv>
2020-10-22 10:43:33,661 - Wendi Zhang records <6> were read from </Users/WendiZhang/Desktop/frelabpy/data/wendizhang_extraction_mapping.csv>
2020-10-22 10:43:33,686 - New csv file generated from DataFrame by creating a new path, description: Wendi Zhang.
2020-10-22 10:43:33,687 - Leaving OpenData utility
2020-10-22 10:44:23,837 - 
2020-10-22 10:44:23,837 - Entering OpenData utility
2020-10-22 10:44:23,841 - Wendi Zhang records <111> were read from </Users/WendiZhang/Desktop/frelabpy/data/wendizhang_extraction_input.csv>
2020-10-22 10:44:23,848 - Wendi Zhang records <6> were read from </Users/WendiZhang/Desktop/frelabpy/data/wendizhang_extraction_mapping.csv>
2020-10-22 10:44:23,862 - Provided file path is invalid: </Users/WendiZhang/Desktop/frelabpy/data/wendizhang_extraction_output.csv>
2020-10-22 10:44:23,866 - New csv file generated from DataFrame by creating a new path, description: Wendi Zhang.
2020-10-22 10:44:23,866 - Leaving OpenData utility
2020-10-22 10:45:24,433 - Provided file path is invalid: </Users/WendiZhang/Desktop/frelabpy/data/wendizhang_extraction_output.csv>
2020-10-22 10:46:09,809 - Provided file path is invalid: </Users/WendiZhang/Desktop/frelabpy/data/wendizhang_extraction_output.csv>
2020-10-22 10:51:07,812 - Provided file path is invalid: </Users/WendiZhang/Desktop/frelabpy/data/wendizhang_extraction_output.csv>
2020-10-22 11:02:02,380 - Provided file path is invalid: </Users/WendiZhang/Desktop/frelabpy/data/wendizhang_transformation_output.csv>
2020-10-22 11:02:24,975 - Provided file path is invalid: </Users/WendiZhang/Desktop/frelabpy/data/wendizhang_extraction_output.csv>
2020-10-22 11:02:29,543 - Provided file path is invalid: </Users/WendiZhang/Desktop/frelabpy/data/wendizhang_transformation_output.csv>
2020-10-22 11:03:11,848 - Provided file path is invalid: </Users/WendiZhang/Desktop/frelabpy/data/wendizhang_extraction_output.csv>
2020-10-22 11:03:17,450 - Provided file path is invalid: </Users/WendiZhang/Desktop/frelabpy/data/wendizhang_transformation_output.csv>
2020-10-26 11:02:59,588 - Leaving OpenData utility incomplete with errors
2020-10-26 11:03:19,074 - Leaving OpenData utility incomplete with errors
